  ConsoleMatrixUnitTests.cpp
  ConsoleVectorUnitTests.cpp
C:\Users\maxke\source\repos\mathsLibTests\Maths-Library\maths library\ConsoleVectorUnitTests.h(19,52): warning C4114: same type qualifier used more than once
C:\Users\maxke\source\repos\mathsLibTests\Maths-Library\maths library\ConsoleVectorUnitTests.h(20,52): warning C4114: same type qualifier used more than once
C:\Users\maxke\source\repos\mathsLibTests\Maths-Library\maths library\ConsoleVectorUnitTests.h(21,52): warning C4114: same type qualifier used more than once
C:\Users\maxke\source\repos\mathsLibTests\Maths-Library\maths library\ConsoleVectorUnitTests.cpp(78,19): warning C4305: 'argument': truncation from 'double' to 'float'
C:\Users\maxke\source\repos\mathsLibTests\Maths-Library\maths library\ConsoleVectorUnitTests.cpp(78,13): warning C4305: 'argument': truncation from 'double' to 'float'
C:\Users\maxke\source\repos\mathsLibTests\Maths-Library\maths library\ConsoleVectorUnitTests.cpp(82,19): warning C4305: 'argument': truncation from 'double' to 'float'
C:\Users\maxke\source\repos\mathsLibTests\Maths-Library\maths library\ConsoleVectorUnitTests.cpp(82,13): warning C4305: 'argument': truncation from 'double' to 'float'
C:\Users\maxke\source\repos\mathsLibTests\Maths-Library\maths library\ConsoleVectorUnitTests.cpp(85,17): warning C4305: 'argument': truncation from 'double' to 'float'
C:\Users\maxke\source\repos\mathsLibTests\Maths-Library\maths library\ConsoleVectorUnitTests.cpp(88,20): warning C4305: 'argument': truncation from 'double' to 'float'
C:\Users\maxke\source\repos\mathsLibTests\Maths-Library\maths library\ConsoleVectorUnitTests.cpp(135,20): warning C4305: 'argument': truncation from 'double' to 'float'
C:\Users\maxke\source\repos\mathsLibTests\Maths-Library\maths library\ConsoleVectorUnitTests.cpp(135,13): warning C4305: 'argument': truncation from 'double' to 'float'
C:\Users\maxke\source\repos\mathsLibTests\Maths-Library\maths library\ConsoleVectorUnitTests.cpp(138,29): warning C4305: 'argument': truncation from 'double' to 'float'
C:\Users\maxke\source\repos\mathsLibTests\Maths-Library\maths library\ConsoleVectorUnitTests.cpp(138,21): warning C4305: 'argument': truncation from 'double' to 'float'
C:\Users\maxke\source\repos\mathsLibTests\Maths-Library\maths library\ConsoleVectorUnitTests.cpp(138,13): warning C4305: 'argument': truncation from 'double' to 'float'
C:\Users\maxke\source\repos\mathsLibTests\Maths-Library\maths library\ConsoleVectorUnitTests.cpp(147,23): warning C4305: 'argument': truncation from 'double' to 'float'
C:\Users\maxke\source\repos\mathsLibTests\Maths-Library\maths library\ConsoleVectorUnitTests.cpp(153,27): warning C4305: 'argument': truncation from 'double' to 'float'
C:\Users\maxke\source\repos\mathsLibTests\Maths-Library\maths library\ConsoleVectorUnitTests.cpp(153,20): warning C4305: 'argument': truncation from 'double' to 'float'
C:\Users\maxke\source\repos\mathsLibTests\Maths-Library\maths library\ConsoleVectorUnitTests.cpp(153,13): warning C4305: 'argument': truncation from 'double' to 'float'
C:\Users\maxke\source\repos\mathsLibTests\Maths-Library\maths library\ConsoleVectorUnitTests.cpp(158,25): warning C4305: 'argument': truncation from 'double' to 'float'
C:\Users\maxke\source\repos\mathsLibTests\Maths-Library\maths library\ConsoleVectorUnitTests.cpp(158,18): warning C4305: 'argument': truncation from 'double' to 'float'
C:\Users\maxke\source\repos\mathsLibTests\Maths-Library\maths library\ConsoleVectorUnitTests.cpp(158,13): warning C4305: 'argument': truncation from 'double' to 'float'
C:\Users\maxke\source\repos\mathsLibTests\Maths-Library\maths library\ConsoleVectorUnitTests.cpp(161,17): warning C4305: 'argument': truncation from 'double' to 'float'
C:\Users\maxke\source\repos\mathsLibTests\Maths-Library\maths library\ConsoleVectorUnitTests.cpp(163,20): warning C4305: 'argument': truncation from 'double' to 'float'
C:\Users\maxke\source\repos\mathsLibTests\Maths-Library\maths library\ConsoleVectorUnitTests.cpp(198,31): warning C4305: 'argument': truncation from 'double' to 'float'
C:\Users\maxke\source\repos\mathsLibTests\Maths-Library\maths library\ConsoleVectorUnitTests.cpp(199,25): warning C4305: 'argument': truncation from 'double' to 'float'
C:\Users\maxke\source\repos\mathsLibTests\Maths-Library\maths library\ConsoleVectorUnitTests.cpp(201,29): warning C4305: 'argument': truncation from 'double' to 'float'
C:\Users\maxke\source\repos\mathsLibTests\Maths-Library\maths library\ConsoleVectorUnitTests.cpp(202,28): warning C4305: 'argument': truncation from 'double' to 'float'
C:\Users\maxke\source\repos\mathsLibTests\Maths-Library\maths library\ConsoleVectorUnitTests.cpp(205,30): warning C4305: 'argument': truncation from 'double' to 'float'
C:\Users\maxke\source\repos\mathsLibTests\Maths-Library\maths library\ConsoleVectorUnitTests.cpp(205,19): warning C4305: 'argument': truncation from 'double' to 'float'
C:\Users\maxke\source\repos\mathsLibTests\Maths-Library\maths library\ConsoleVectorUnitTests.cpp(205,13): warning C4305: 'argument': truncation from 'double' to 'float'
C:\Users\maxke\source\repos\mathsLibTests\Maths-Library\maths library\ConsoleVectorUnitTests.cpp(207,8): warning C4305: 'argument': truncation from 'double' to 'float'
C:\Users\maxke\source\repos\mathsLibTests\Maths-Library\maths library\ConsoleVectorUnitTests.cpp(208,33): warning C4305: 'argument': truncation from 'double' to 'float'
C:\Users\maxke\source\repos\mathsLibTests\Maths-Library\maths library\ConsoleVectorUnitTests.cpp(208,26): warning C4305: 'argument': truncation from 'double' to 'float'
C:\Users\maxke\source\repos\mathsLibTests\Maths-Library\maths library\ConsoleVectorUnitTests.cpp(208,20): warning C4305: 'argument': truncation from 'double' to 'float'
C:\Users\maxke\source\repos\mathsLibTests\Maths-Library\maths library\ConsoleVectorUnitTests.cpp(208,13): warning C4305: 'argument': truncation from 'double' to 'float'
C:\Users\maxke\source\repos\mathsLibTests\Maths-Library\maths library\ConsoleVectorUnitTests.cpp(211,23): warning C4305: 'argument': truncation from 'double' to 'float'
C:\Users\maxke\source\repos\mathsLibTests\Maths-Library\maths library\ConsoleVectorUnitTests.cpp(211,15): warning C4305: 'argument': truncation from 'double' to 'float'
C:\Users\maxke\source\repos\mathsLibTests\Maths-Library\maths library\ConsoleVectorUnitTests.cpp(214,33): warning C4305: 'argument': truncation from 'double' to 'float'
C:\Users\maxke\source\repos\mathsLibTests\Maths-Library\maths library\ConsoleVectorUnitTests.cpp(214,25): warning C4305: 'argument': truncation from 'double' to 'float'
C:\Users\maxke\source\repos\mathsLibTests\Maths-Library\maths library\ConsoleVectorUnitTests.cpp(214,17): warning C4305: 'argument': truncation from 'double' to 'float'
C:\Users\maxke\source\repos\mathsLibTests\Maths-Library\maths library\ConsoleVectorUnitTests.cpp(214,12): warning C4305: 'argument': truncation from 'double' to 'float'
C:\Users\maxke\source\repos\mathsLibTests\Maths-Library\maths library\ConsoleVectorUnitTests.cpp(216,19): warning C4305: 'argument': truncation from 'double' to 'float'
C:\Users\maxke\source\repos\mathsLibTests\Maths-Library\maths library\ConsoleVectorUnitTests.cpp(217,9): warning C4305: 'argument': truncation from 'double' to 'float'
C:\Users\maxke\source\repos\mathsLibTests\Maths-Library\maths library\ConsoleVectorUnitTests.cpp(218,19): warning C4305: 'argument': truncation from 'double' to 'float'
C:\Users\maxke\source\repos\mathsLibTests\Maths-Library\maths library\ConsoleVectorUnitTests.cpp(226,18): warning C4305: 'argument': truncation from 'double' to 'float'
C:\Users\maxke\source\repos\mathsLibTests\Maths-Library\maths library\ConsoleVectorUnitTests.cpp(226,12): warning C4305: 'argument': truncation from 'double' to 'float'
C:\Users\maxke\source\repos\mathsLibTests\Maths-Library\maths library\ConsoleVectorUnitTests.cpp(227,23): warning C4305: 'argument': truncation from 'double' to 'float'
C:\Users\maxke\source\repos\mathsLibTests\Maths-Library\maths library\ConsoleVectorUnitTests.cpp(229,18): warning C4305: 'argument': truncation from 'double' to 'float'
C:\Users\maxke\source\repos\mathsLibTests\Maths-Library\maths library\ConsoleVectorUnitTests.cpp(230,26): warning C4305: 'argument': truncation from 'double' to 'float'
C:\Users\maxke\source\repos\mathsLibTests\Maths-Library\maths library\ConsoleVectorUnitTests.cpp(233,31): warning C4305: 'argument': truncation from 'double' to 'float'
C:\Users\maxke\source\repos\mathsLibTests\Maths-Library\maths library\ConsoleVectorUnitTests.cpp(233,25): warning C4305: 'argument': truncation from 'double' to 'float'
C:\Users\maxke\source\repos\mathsLibTests\Maths-Library\maths library\ConsoleVectorUnitTests.cpp(233,19): warning C4305: 'argument': truncation from 'double' to 'float'
C:\Users\maxke\source\repos\mathsLibTests\Maths-Library\maths library\ConsoleVectorUnitTests.cpp(233,13): warning C4305: 'argument': truncation from 'double' to 'float'
C:\Users\maxke\source\repos\mathsLibTests\Maths-Library\maths library\ConsoleVectorUnitTests.cpp(235,20): warning C4305: 'argument': truncation from 'double' to 'float'
C:\Users\maxke\source\repos\mathsLibTests\Maths-Library\maths library\ConsoleVectorUnitTests.cpp(237,32): warning C4305: 'argument': truncation from 'double' to 'float'
C:\Users\maxke\source\repos\mathsLibTests\Maths-Library\maths library\ConsoleVectorUnitTests.cpp(237,24): warning C4305: 'argument': truncation from 'double' to 'float'
C:\Users\maxke\source\repos\mathsLibTests\Maths-Library\maths library\ConsoleVectorUnitTests.cpp(237,18): warning C4305: 'argument': truncation from 'double' to 'float'
C:\Users\maxke\source\repos\mathsLibTests\Maths-Library\maths library\ConsoleVectorUnitTests.cpp(237,13): warning C4305: 'argument': truncation from 'double' to 'float'
C:\Users\maxke\source\repos\mathsLibTests\Maths-Library\maths library\ConsoleVectorUnitTests.cpp(239,44): warning C4305: 'argument': truncation from 'double' to 'float'
C:\Users\maxke\source\repos\mathsLibTests\Maths-Library\maths library\ConsoleVectorUnitTests.cpp(239,38): warning C4305: 'argument': truncation from 'double' to 'float'
C:\Users\maxke\source\repos\mathsLibTests\Maths-Library\maths library\ConsoleVectorUnitTests.cpp(240,17): warning C4305: 'argument': truncation from 'double' to 'float'
C:\Users\maxke\source\repos\mathsLibTests\Maths-Library\maths library\ConsoleVectorUnitTests.cpp(242,54): warning C4305: 'argument': truncation from 'double' to 'float'
C:\Users\maxke\source\repos\mathsLibTests\Maths-Library\maths library\ConsoleVectorUnitTests.cpp(242,49): warning C4305: 'argument': truncation from 'double' to 'float'
C:\Users\maxke\source\repos\mathsLibTests\Maths-Library\maths library\ConsoleVectorUnitTests.cpp(242,44): warning C4305: 'argument': truncation from 'double' to 'float'
C:\Users\maxke\source\repos\mathsLibTests\Maths-Library\maths library\ConsoleVectorUnitTests.cpp(243,20): warning C4305: 'argument': truncation from 'double' to 'float'
  maths library unit tests.cpp
C:\Users\maxke\source\repos\mathsLibTests\Maths-Library\maths library\ConsoleVectorUnitTests.h(19,52): warning C4114: same type qualifier used more than once
C:\Users\maxke\source\repos\mathsLibTests\Maths-Library\maths library\ConsoleVectorUnitTests.h(20,52): warning C4114: same type qualifier used more than once
C:\Users\maxke\source\repos\mathsLibTests\Maths-Library\maths library\ConsoleVectorUnitTests.h(21,52): warning C4114: same type qualifier used more than once
  Generating Code...
  maths library.vcxproj -> C:\Users\maxke\source\repos\mathsLibTests\Maths-Library\x64\Debug\maths library unit tests.exe
